[    0.000000] Initializing cgroup subsys cpuset
[    0.000000] Initializing cgroup subsys cpu
[    0.000000] Initializing cgroup subsys cpuacct
[    0.000000] Linux version 4.4.0-176-generic (buildd@lgw01-amd64-035) (gcc version 5.4.0 20160609 (Ubuntu 5.4.0-6ubuntu1~16.04.12) ) #206-Ubuntu SMP Fri Feb 28 05:02:04 UTC 2020 (Ubuntu 4.4.0-176.206-generic 4.4.211)
[    0.000000] Command line: BOOT_IMAGE=/boot/vmlinuz-4.4.0-176-generic root=LABEL=cloudimg-rootfs ro console=tty1 console=ttyS0
[    0.000000] KERNEL supported cpus:
[    0.000000]   Intel GenuineIntel
[    0.000000]   AMD AuthenticAMD
[    0.000000]   Centaur CentaurHauls
[    0.000000] x86/fpu: xstate_offset[2]:  576, xstate_sizes[2]:  256
[    0.000000] x86/fpu: Supporting XSAVE feature 0x01: 'x87 floating point registers'
[    0.000000] x86/fpu: Supporting XSAVE feature 0x02: 'SSE registers'
[    0.000000] x86/fpu: Supporting XSAVE feature 0x04: 'AVX registers'
[    0.000000] x86/fpu: Enabled xstate features 0x7, context size is 832 bytes, using 'standard' format.
[    0.000000] e820: BIOS-provided physical RAM map:
[    0.000000] BIOS-e820: [mem 0x0000000000000000-0x000000000009fbff] usable
[    0.000000] BIOS-e820: [mem 0x000000000009fc00-0x000000000009ffff] reserved
[    0.000000] BIOS-e820: [mem 0x00000000000f0000-0x00000000000fffff] reserved
[    0.000000] BIOS-e820: [mem 0x0000000000100000-0x000000003ffeffff] usable
[    0.000000] BIOS-e820: [mem 0x000000003fff0000-0x000000003fffffff] ACPI data
[    0.000000] BIOS-e820: [mem 0x00000000fec00000-0x00000000fec00fff] reserved
[    0.000000] BIOS-e820: [mem 0x00000000fee00000-0x00000000fee00fff] reserved
[    0.000000] BIOS-e820: [mem 0x00000000fffc0000-0x00000000ffffffff] reserved
[    0.000000] NX (Execute Disable) protection: active
[    0.000000] SMBIOS 2.5 present.
[    0.000000] Hypervisor detected: KVM
[    0.000000] e820: last_pfn = 0x3fff0 max_arch_pfn = 0x400000000
[    0.000000] MTRR: Disabled
[    0.000000] x86/PAT: MTRRs disabled, skipping PAT initialization too.
[    0.000000] CPU MTRRs all blank - virtualized system.
[    0.000000] x86/PAT: Configuration [0-7]: WB  WT  UC- UC  WB  WT  UC- UC  
[    0.000000] found SMP MP-table at [mem 0x0009fff0-0x0009ffff] mapped at [ffff88000009fff0]
[    0.000000] Scanning 1 areas for low memory corruption
[    0.000000] RAMDISK: [mem 0x362e0000-0x37167fff]
[    0.000000] ACPI: Early table checksum verification disabled
[    0.000000] ACPI: RSDP 0x00000000000E0000 000024 (v02 VBOX  )
[    0.000000] ACPI: XSDT 0x000000003FFF0030 00003C (v01 VBOX   VBOXXSDT 00000001 ASL  00000061)
[    0.000000] ACPI: FACP 0x000000003FFF00F0 0000F4 (v04 VBOX   VBOXFACP 00000001 ASL  00000061)
[    0.000000] ACPI: DSDT 0x000000003FFF0470 002325 (v02 VBOX   VBOXBIOS 00000002 INTL 20100528)
[    0.000000] ACPI: FACS 0x000000003FFF0200 000040
[    0.000000] ACPI: FACS 0x000000003FFF0200 000040
[    0.000000] ACPI: APIC 0x000000003FFF0240 00005C (v02 VBOX   VBOXAPIC 00000001 ASL  00000061)
[    0.000000] ACPI: SSDT 0x000000003FFF02A0 0001CC (v01 VBOX   VBOXCPUT 00000002 INTL 20100528)
[    0.000000] No NUMA configuration found
[    0.000000] Faking a node at [mem 0x0000000000000000-0x000000003ffeffff]
[    0.000000] NODE_DATA(0) allocated [mem 0x3ffeb000-0x3ffeffff]
[    0.000000] kvm-clock: Using msrs 4b564d01 and 4b564d00
[    0.000000] kvm-clock: cpu 0, msr 0:3ffe3001, primary cpu clock
[    0.000000] kvm-clock: using sched offset of 8376650869 cycles
[    0.000000] clocksource: kvm-clock: mask: 0xffffffffffffffff max_cycles: 0x1cd42e4dffb, max_idle_ns: 881590591483 ns
[    0.000000] Zone ranges:
[    0.000000]   DMA      [mem 0x0000000000001000-0x0000000000ffffff]
[    0.000000]   DMA32    [mem 0x0000000001000000-0x000000003ffeffff]
[    0.000000]   Normal   empty
[    0.000000]   Device   empty
[    0.000000] Movable zone start for each node
[    0.000000] Early memory node ranges
[    0.000000]   node   0: [mem 0x0000000000001000-0x000000000009efff]
[    0.000000]   node   0: [mem 0x0000000000100000-0x000000003ffeffff]
[    0.000000] Initmem setup node 0 [mem 0x0000000000001000-0x000000003ffeffff]
[    0.000000] ACPI: PM-Timer IO Port: 0x4008
[    0.000000] IOAPIC[0]: apic_id 2, version 32, address 0xfec00000, GSI 0-23
[    0.000000] ACPI: INT_SRC_OVR (bus 0 bus_irq 0 global_irq 2 dfl dfl)
[    0.000000] ACPI: INT_SRC_OVR (bus 0 bus_irq 9 global_irq 9 low level)
[    0.000000] Using ACPI (MADT) for SMP configuration information
[    0.000000] smpboot: Allowing 2 CPUs, 0 hotplug CPUs
[    0.000000] PM: Registered nosave memory: [mem 0x00000000-0x00000fff]
[    0.000000] PM: Registered nosave memory: [mem 0x0009f000-0x0009ffff]
[    0.000000] PM: Registered nosave memory: [mem 0x000a0000-0x000effff]
[    0.000000] PM: Registered nosave memory: [mem 0x000f0000-0x000fffff]
[    0.000000] e820: [mem 0x40000000-0xfebfffff] available for PCI devices
[    0.000000] Booting paravirtualized kernel on KVM
[    0.000000] clocksource: refined-jiffies: mask: 0xffffffff max_cycles: 0xffffffff, max_idle_ns: 7645519600211568 ns
[    0.000000] setup_percpu: NR_CPUS:512 nr_cpumask_bits:512 nr_cpu_ids:2 nr_node_ids:1
[    0.000000] PERCPU: Embedded 33 pages/cpu @ffff88003fc00000 s95448 r8192 d31528 u1048576
[    0.000000] Built 1 zonelists in Node order, mobility grouping on.  Total pages: 257912
[    0.000000] Policy zone: DMA32
[    0.000000] Kernel command line: BOOT_IMAGE=/boot/vmlinuz-4.4.0-176-generic root=LABEL=cloudimg-rootfs ro console=tty1 console=ttyS0
[    0.000000] PID hash table entries: 4096 (order: 3, 32768 bytes)
[    0.000000] Memory: 997672K/1048120K available (8626K kernel code, 1336K rwdata, 4032K rodata, 1488K init, 1292K bss, 50448K reserved, 0K cma-reserved)
[    0.000000] SLUB: HWalign=64, Order=0-3, MinObjects=0, CPUs=2, Nodes=1
[    0.000000] Kernel/User page tables isolation: enabled
[    0.000000] Hierarchical RCU implementation.
[    0.000000] 	Build-time adjustment of leaf fanout to 64.
[    0.000000] 	RCU restricting CPUs from NR_CPUS=512 to nr_cpu_ids=2.
[    0.000000] RCU: Adjusting geometry for rcu_fanout_leaf=64, nr_cpu_ids=2
[    0.000000] NR_IRQS:33024 nr_irqs:440 16
[    0.000000] Console: colour VGA+ 80x25
[    0.000000] console [tty1] enabled
[    0.000000] console [ttyS0] enabled
[    0.000000] tsc: Detected 1599.999 MHz processor
[    0.271843] Calibrating delay loop (skipped) preset value.. 3199.99 BogoMIPS (lpj=6399996)
[    0.274983] pid_max: default: 32768 minimum: 301
[    0.276739] ACPI: Core revision 20150930
[    0.281538] ACPI: 2 ACPI AML tables successfully acquired and loaded
[    0.284567] Security Framework initialized
[    0.286801] Yama: becoming mindful.
[    0.288519] AppArmor: AppArmor initialized
[    0.290493] Dentry cache hash table entries: 131072 (order: 8, 1048576 bytes)
[    0.298188] Inode-cache hash table entries: 65536 (order: 7, 524288 bytes)
[    0.300497] Mount-cache hash table entries: 2048 (order: 2, 16384 bytes)
[    0.302518] Mountpoint-cache hash table entries: 2048 (order: 2, 16384 bytes)
[    0.311695] Initializing cgroup subsys io
[    0.313222] Initializing cgroup subsys memory
[    0.315366] Initializing cgroup subsys devices
[    0.317271] Initializing cgroup subsys freezer
[    0.318977] Initializing cgroup subsys net_cls
[    0.320378] Initializing cgroup subsys perf_event
[    0.321786] Initializing cgroup subsys net_prio
[    0.323229] Initializing cgroup subsys hugetlb
[    0.325088] Initializing cgroup subsys pids
[    0.328115] mce: CPU supports 0 MCE banks
[    0.329963] Last level iTLB entries: 4KB 64, 2MB 8, 4MB 8
[    0.332972] Last level dTLB entries: 4KB 64, 2MB 0, 4MB 0, 1GB 4
[    0.335287] Spectre V1 : Mitigation: usercopy/swapgs barriers and __user pointer sanitization
[    0.338242] Spectre V2 : Mitigation: Full generic retpoline
[    0.341177] Spectre V2 : Spectre v2 / SpectreRSB mitigation: Filling RSB on context switch
[    0.344707] Speculative Store Bypass: Vulnerable
[    0.347168] MDS: Mitigation: Clear CPU buffers
[    0.365767] Freeing SMP alternatives memory: 36K
[    0.392370] ftrace: allocating 32305 entries in 127 pages
[    0.534632] smpboot: APIC(0) Converting physical 0 to logical package 0
[    0.537077] smpboot: Max logical packages: 1
[    0.539199] x2apic enabled
[    0.540426] Switched APIC routing to physical x2apic.
[    0.543318] ..TIMER: vector=0x30 apic1=0 pin1=2 apic2=-1 pin2=-1
[    0.653474] smpboot: CPU0: Intel(R) Core(TM) i5-5250U CPU @ 1.60GHz (family: 0x6, model: 0x3d, stepping: 0x4)
[    0.657131] Performance Events: unsupported p6 CPU model 61 no PMU driver, software events only.
[    0.673972] KVM setup paravirtual spinlock
[    0.676528] x86: Booting SMP configuration:
[    0.677981] .... node  #0, CPUs:      #1
[    0.680004] kvm-clock: cpu 1, msr 0:3ffe3041, secondary cpu clock
[    0.683338] mce: CPU supports 0 MCE banks
[    0.689672] x86: Booted up 1 node, 2 CPUs
[    0.692151] smpboot: Total of 2 processors activated (6399.99 BogoMIPS)
[    0.696540] devtmpfs: initialized
[    0.700864] evm: security.selinux
[    0.702413] evm: security.SMACK64
[    0.703768] evm: security.SMACK64EXEC
[    0.705014] evm: security.SMACK64TRANSMUTE
[    0.709283] evm: security.SMACK64MMAP
[    0.713316] evm: security.ima
[    0.715223] evm: security.capability
[    0.717023] clocksource: jiffies: mask: 0xffffffff max_cycles: 0xffffffff, max_idle_ns: 7645041785100000 ns
[    0.720319] futex hash table entries: 512 (order: 3, 32768 bytes)
[    0.722904] pinctrl core: initialized pinctrl subsystem
[    0.724696] RTC time: 14:34:09, date: 03/20/20
[    0.726599] NET: Registered protocol family 16
[    0.738270] cpuidle: using governor ladder
[    0.750449] cpuidle: using governor menu
[    0.753678] PCCT header not found.
[    0.755213] ACPI: bus type PCI registered
[    0.757348] acpiphp: ACPI Hot Plug PCI Controller Driver version: 0.5
[    0.760269] PCI: Using configuration type 1 for base access
[    0.782209] ACPI: Added _OSI(Module Device)
[    0.783584] ACPI: Added _OSI(Processor Device)
[    0.785236] ACPI: Added _OSI(3.0 _SCP Extensions)
[    0.786760] ACPI: Added _OSI(Processor Aggregator Device)
[    0.789692] ACPI: Executed 1 blocks of module-level executable AML code
[    0.795042] ACPI: Interpreter enabled
[    0.796291] ACPI: (supports S0 S5)
[    0.797489] ACPI: Using IOAPIC for interrupt routing
[    0.799266] PCI: Using host bridge windows from ACPI; if necessary, use "pci=nocrs" and report a bug
[    0.808387] ACPI: PCI Root Bridge [PCI0] (domain 0000 [bus 00-ff])
[    0.810506] acpi PNP0A03:00: _OSC: OS supports [ASPM ClockPM Segments MSI]
[    0.812952] acpi PNP0A03:00: _OSC: not requesting OS control; OS requires [ExtendedConfig ASPM ClockPM MSI]
[    0.817178] acpi PNP0A03:00: fail to add MMCONFIG information, can't access extended PCI configuration space under this bridge.
[    0.824403] PCI host bridge to bus 0000:00
[    0.826988] pci_bus 0000:00: root bus resource [io  0x0000-0x0cf7 window]
[    0.831162] pci_bus 0000:00: root bus resource [io  0x0d00-0xffff window]
[    0.834317] pci_bus 0000:00: root bus resource [mem 0x000a0000-0x000bffff window]
[    0.837019] pci_bus 0000:00: root bus resource [mem 0x40000000-0xfdffffff window]
[    0.840028] pci_bus 0000:00: root bus resource [bus 00-ff]
[    0.850838] pci 0000:00:01.1: legacy IDE quirk: reg 0x10: [io  0x01f0-0x01f7]
[    0.853273] pci 0000:00:01.1: legacy IDE quirk: reg 0x14: [io  0x03f6]
[    0.855695] pci 0000:00:01.1: legacy IDE quirk: reg 0x18: [io  0x0170-0x0177]
[    0.857914] pci 0000:00:01.1: legacy IDE quirk: reg 0x1c: [io  0x0376]
[    0.903148] pci 0000:00:07.0: quirk: [io  0x4000-0x403f] claimed by PIIX4 ACPI
[    0.905662] pci 0000:00:07.0: quirk: [io  0x4100-0x410f] claimed by PIIX4 SMB
[    0.931303] ACPI: PCI Interrupt Link [LNKA] (IRQs 5 9 10 *11)
[    0.933835] ACPI: PCI Interrupt Link [LNKB] (IRQs 5 9 *10 11)
[    0.936620] ACPI: PCI Interrupt Link [LNKC] (IRQs 5 *9 10 11)
[    0.939171] ACPI: PCI Interrupt Link [LNKD] (IRQs 5 9 10 *11)
[    0.941572] ACPI: Enabled 2 GPEs in block 00 to 07
[    0.943961] vgaarb: setting as boot device: PCI:0000:00:02.0
[    0.946444] vgaarb: device added: PCI:0000:00:02.0,decodes=io+mem,owns=io+mem,locks=none
[    0.949844] vgaarb: loaded
[    0.951700] vgaarb: bridge control possible 0000:00:02.0
[    0.956840] SCSI subsystem initialized
[    0.958340] ACPI: bus type USB registered
[    0.959887] usbcore: registered new interface driver usbfs
[    0.963603] usbcore: registered new interface driver hub
[    0.967042] usbcore: registered new device driver usb
[    0.969702] PCI: Using ACPI for IRQ routing
[    0.978833] NetLabel: Initializing
[    0.980115] NetLabel:  domain hash size = 128
[    0.982088] NetLabel:  protocols = UNLABELED CIPSOv4
[    0.983721] NetLabel:  unlabeled traffic allowed by default
[    0.985736] amd_nb: Cannot enumerate AMD northbridges
[    0.987628] clocksource: Switched to clocksource kvm-clock
[    0.999860] AppArmor: AppArmor Filesystem Enabled
[    1.002195] pnp: PnP ACPI init
[    1.005863] pnp: PnP ACPI: found 3 devices
[    1.021906] clocksource: acpi_pm: mask: 0xffffff max_cycles: 0xffffff, max_idle_ns: 2085701024 ns
[    1.031309] NET: Registered protocol family 2
[    1.034925] TCP established hash table entries: 8192 (order: 4, 65536 bytes)
[    1.038625] TCP bind hash table entries: 8192 (order: 5, 131072 bytes)
[    1.046483] TCP: Hash tables configured (established 8192 bind 8192)
[    1.048979] UDP hash table entries: 512 (order: 2, 16384 bytes)
[    1.051490] UDP-Lite hash table entries: 512 (order: 2, 16384 bytes)
[    1.053686] NET: Registered protocol family 1
[    1.055566] pci 0000:00:00.0: Limiting direct PCI/PCI transfers
[    1.057611] pci 0000:00:01.0: Activating ISA DMA hang workarounds
[    1.060736] Unpacking initramfs...
[    1.401633] Freeing initrd memory: 14880K
[    1.403097] RAPL PMU detected, API unit is 2^-32 Joules, 4 fixed counters 10737418240 ms ovfl timer
[    1.406362] hw unit of domain pp0-core 2^-0 Joules
[    1.408610] hw unit of domain package 2^-0 Joules
[    1.410527] hw unit of domain dram 2^-0 Joules
[    1.412099] hw unit of domain pp1-gpu 2^-0 Joules
[    1.414006] clocksource: tsc: mask: 0xffffffffffffffff max_cycles: 0x171023f09ff, max_idle_ns: 440795233615 ns
[    1.418240] platform rtc_cmos: registered platform RTC device (no PNP device found)
[    1.422061] Scanning for low memory corruption every 60 seconds
[    1.426928] audit: initializing netlink subsys (disabled)
[    1.430292] audit: type=2000 audit(1584714859.494:1): initialized
[    1.433326] Initialise system trusted keyring
[    1.437454] HugeTLB registered 2 MB page size, pre-allocated 0 pages
[    1.444817] zbud: loaded
[    1.449241] VFS: Disk quotas dquot_6.6.0
[    1.450870] VFS: Dquot-cache hash table entries: 512 (order 0, 4096 bytes)
[    1.453955] squashfs: version 4.0 (2009/01/31) Phillip Lougher
[    1.456280] fuse init (API version 7.23)
[    1.457824] Key type big_key registered
[    1.459076] Allocating IMA MOK and blacklist keyrings.
[    1.463981] Key type asymmetric registered
[    1.465344] Asymmetric key parser 'x509' registered
[    1.466997] Block layer SCSI generic (bsg) driver version 0.4 loaded (major 249)
[    1.469990] io scheduler noop registered
[    1.471645] io scheduler deadline registered (default)
[    1.473551] io scheduler cfq registered
[    1.474981] pci_hotplug: PCI Hot Plug PCI Core version: 0.5
[    1.477771] pciehp: PCI Express Hot Plug Controller Driver version: 0.4
[    1.480669] ACPI: AC Adapter [AC] (off-line)
[    1.482495] input: Power Button as /devices/LNXSYSTM:00/LNXPWRBN:00/input/input0
[    1.485243] ACPI: Power Button [PWRF]
[    1.487153] input: Sleep Button as /devices/LNXSYSTM:00/LNXSLPBN:00/input/input1
[    1.494228] ACPI: Sleep Button [SLPF]
[    1.497824] GHES: HEST is not enabled!
[    1.500968] ACPI: Battery Slot [BAT0] (battery present)
[    1.503254] Serial: 8250/16550 driver, 32 ports, IRQ sharing enabled
[    1.531906] 00:02: ttyS0 at I/O 0x3f8 (irq = 4, base_baud = 115200) is a 16550A
[    1.541714] Linux agpgart interface v0.103
[    1.548873] loop: module loaded
[    1.554182] scsi host0: ata_piix
[    1.556266] scsi host1: ata_piix
[    1.559705] ata1: PATA max UDMA/33 cmd 0x1f0 ctl 0x3f6 bmdma 0xd000 irq 14
[    1.565703] ata2: PATA max UDMA/33 cmd 0x170 ctl 0x376 bmdma 0xd008 irq 15
[    1.574298] libphy: Fixed MDIO Bus: probed
[    1.579276] tun: Universal TUN/TAP device driver, 1.6
[    1.589625] tun: (C) 1999-2004 Max Krasnyansky <maxk@qualcomm.com>
[    1.599674] PPP generic driver version 2.4.2
[    1.607126] ehci_hcd: USB 2.0 'Enhanced' Host Controller (EHCI) Driver
[    1.617020] ehci-pci: EHCI PCI platform driver
[    1.624063] ehci-platform: EHCI generic platform driver
[    1.635110] ohci_hcd: USB 1.1 'Open' Host Controller (OHCI) Driver
[    1.654264] ohci-pci: OHCI PCI platform driver
[    1.668139] ohci-platform: OHCI generic platform driver
[    1.676016] uhci_hcd: USB Universal Host Controller Interface driver
[    1.686633] i8042: PNP: PS/2 Controller [PNP0303:PS2K,PNP0f03:PS2M] at 0x60,0x64 irq 1,12
[    1.704390] serio: i8042 KBD port at 0x60,0x64 irq 1
[    1.708461] serio: i8042 AUX port at 0x60,0x64 irq 12
[    1.712857] mousedev: PS/2 mouse device common for all mice
[    1.716395] input: AT Translated Set 2 keyboard as /devices/platform/i8042/serio0/input/input2
[    1.725663] rtc_cmos rtc_cmos: rtc core: registered rtc_cmos as rtc0
[    1.725990] rtc_cmos rtc_cmos: alarms up to one day, 114 bytes nvram
[    1.726014] i2c /dev entries driver
[    1.726119] device-mapper: uevent: version 1.0.3
[    1.726226] device-mapper: ioctl: 4.34.0-ioctl (2015-10-28) initialised: dm-devel@redhat.com
[    1.726256] ledtrig-cpu: registered to indicate activity on CPUs
[    1.755905] NET: Registered protocol family 10
[    1.759382] NET: Registered protocol family 17
[    1.761913] Key type dns_resolver registered
[    1.764877] registered taskstats version 1
[    1.767007] Loading compiled-in X.509 certificates
[    1.770239] Loaded X.509 cert 'Build time autogenerated kernel key: c2b7431ed9258328a3a0cf301f850647788d8e61'
[    1.776549] zswap: loaded using pool lzo/zbud
[    1.786116] Key type trusted registered
[    1.792556] Key type encrypted registered
[    1.793842] AppArmor: AppArmor sha1 policy hashing enabled
[    1.796216] ima: No TPM chip found, activating TPM-bypass!
[    1.797965] ima: Allocated hash algorithm: sha1
[    1.799383] evm: HMAC attrs: 0x1
[    1.801412]   Magic number: 12:996:586
[    1.802981] rtc_cmos rtc_cmos: setting system clock to 2020-03-20 14:34:10 UTC (1584714850)
[    1.806860] BIOS EDD facility v0.16 2004-Jun-25, 0 devices found
[    1.809427] EDD information not available.
[    1.812729] Freeing unused kernel memory: 1488K
[    2.616332] Write protecting the kernel read-only data: 14336k
[    2.620026] Freeing unused kernel memory: 1604K
[    2.621997] Freeing unused kernel memory: 64K
Loading, please wait...
starting version 229
[    2.650979] random: systemd-udevd: uninitialized urandom read (16 bytes read, 5 bits of entropy available)
[    2.653408] random: udevadm: uninitialized urandom read (16 bytes read, 5 bits of entropy available)
[    2.653448] random: udevadm: uninitialized urandom read (16 bytes read, 5 bits of entropy available)
[    2.670774] random: udevadm: uninitialized urandom read (16 bytes read, 5 bits of entropy available)
[    2.670825] random: udevadm: uninitialized urandom read (16 bytes read, 5 bits of entropy available)
[    2.670981] random: udevadm: uninitialized urandom read (16 bytes read, 5 bits of entropy available)
[    2.671057] random: udevadm: uninitialized urandom read (16 bytes read, 5 bits of entropy available)
[    2.671484] random: udevadm: uninitialized urandom read (16 bytes read, 5 bits of entropy available)
[    2.671550] random: udevadm: uninitialized urandom read (16 bytes read, 5 bits of entropy available)
[    2.671604] random: udevadm: uninitialized urandom read (16 bytes read, 5 bits of entropy available)
[    2.759583] e1000: Intel(R) PRO/1000 Network Driver - version 7.3.21-k8-NAPI
[    2.767958] e1000: Copyright (c) 1999-2006 Intel Corporation.
[    2.809797] Fusion MPT base driver 3.04.20
[    2.814107] Copyright (c) 1999-2008 LSI Corporation
[    2.866057] AVX2 version of gcm_enc/dec engaged.
[    2.877916] AES CTR mode by8 optimization enabled
[    2.947540] Fusion MPT SPI Host driver 3.04.20
[    3.076244] input: ImExPS/2 Generic Explorer Mouse as /devices/platform/i8042/serio1/input/input4
[    3.630092] e1000 0000:00:03.0 eth0: (PCI:33MHz:32-bit) 02:90:e9:96:cf:60
[    3.632721] e1000 0000:00:03.0 eth0: Intel(R) PRO/1000 Network Connection
[    4.726980] e1000 0000:00:08.0 eth1: (PCI:33MHz:32-bit) 08:00:27:64:ed:e8
[    4.735872] e1000 0000:00:08.0 eth1: Intel(R) PRO/1000 Network Connection
[    4.740999] mptbase: ioc0: Initiating bringup
[    4.741513] e1000 0000:00:03.0 enp0s3: renamed from eth0
[    4.760978] e1000 0000:00:08.0 enp0s8: renamed from eth1
[    4.819983] ioc0: LSI53C1030 A0: Capabilities={Initiator}
[    4.984616] scsi host2: ioc0: LSI53C1030 A0, FwRev=00000000h, Ports=1, MaxQ=256, IRQ=20
[    5.100345] scsi 2:0:0:0: Direct-Access     VBOX     HARDDISK         1.0  PQ: 0 ANSI: 5
[    5.103116] scsi target2:0:0: Beginning Domain Validation
[    5.120184] scsi target2:0:0: Domain Validation skipping write tests
[    5.123220] scsi target2:0:0: Ending Domain Validation
[    5.128040] scsi target2:0:0: asynchronous
[    5.132032] scsi 2:0:1:0: Direct-Access     VBOX     HARDDISK         1.0  PQ: 0 ANSI: 5
[    5.135386] scsi target2:0:1: Beginning Domain Validation
[    5.141207] scsi target2:0:1: Domain Validation skipping write tests
[    5.143307] scsi target2:0:1: Ending Domain Validation
[    5.148053] scsi target2:0:1: asynchronous
[    5.165730] sd 2:0:0:0: [sda] 20971520 512-byte logical blocks: (10.7 GB/10.0 GiB)
[    5.168224] sd 2:0:0:0: Attached scsi generic sg0 type 0
[    5.170583] sd 2:0:1:0: [sdb] 20480 512-byte logical blocks: (10.5 MB/10.0 MiB)
[    5.173227] sd 2:0:1:0: Attached scsi generic sg1 type 0
[    5.173580] sd 2:0:0:0: [sda] Write Protect is off
[    5.173818] sd 2:0:0:0: [sda] Incomplete mode parameter data
[    5.173820] sd 2:0:0:0: [sda] Assuming drive cache: write through
[    5.177811]  sda: sda1
[    5.179242] sd 2:0:0:0: [sda] Attached SCSI disk
[    5.184922] sd 2:0:1:0: [sdb] Write Protect is off
[    5.186856] sd 2:0:1:0: [sdb] Incomplete mode parameter data
[    5.189043] sd 2:0:1:0: [sdb] Assuming drive cache: write through
[    5.198794] sd 2:0:1:0: [sdb] Attached SCSI disk
Begin: Loading essential drivers ... [    6.948488] md: linear personality registered for level -1
[    6.955808] md: multipath personality registered for level -4
[    6.965959] md: raid0 personality registered for level 0
[    6.977847] md: raid1 personality registered for level 1
[    7.053012] raid6: sse2x1   gen()  6004 MB/s
[    7.119885] raid6: sse2x1   xor()  3991 MB/s
[    7.187862] raid6: sse2x2   gen()  5565 MB/s
[    7.255726] raid6: sse2x2   xor()  4272 MB/s
[    7.324135] raid6: sse2x4   gen()  7635 MB/s
[    7.392023] raid6: sse2x4   xor()  5912 MB/s
[    7.459953] raid6: avx2x1   gen() 11191 MB/s
[    7.528092] raid6: avx2x2   gen() 12432 MB/s
[    7.595708] raid6: avx2x4   gen() 13473 MB/s
[    7.598159] raid6: using algorithm avx2x4 gen() 13473 MB/s
[    7.599914] raid6: using avx2x2 recovery algorithm
[    7.603181] xor: automatically using best checksumming function:
[    7.644991]    avx       : 18255.000 MB/sec
[    7.650397] async_tx: api initialized (async)
[    7.673672] md: raid6 personality registered for level 6
[    7.675752] md: raid5 personality registered for level 5
[    7.680984] md: raid4 personality registered for level 4
[    7.708706] md: raid10 personality registered for level 10
done.
Begin: Running /scripts/init-premount ... done.
Begin: Mounting root file system ... Begin: Running /scripts/local-top ... done.
Begin: Running /scripts/local-premount ... [    7.844149] Btrfs loaded
Scanning for Btrfs filesystems
done.
Warning: fsck not present, so skipping root file system
[    7.974171] EXT4-fs (sda1): mounted filesystem with ordered data mode. Opts: (null)
done.
Begin: Running /scripts/local-bottom ... done.
Begin: Running /scripts/init-bottom ... done.
[    8.590862] systemd[1]: systemd 229 running in system mode. (+PAM +AUDIT +SELINUX +IMA +APPARMOR +SMACK +SYSVINIT +UTMP +LIBCRYPTSETUP +GCRYPT +GNUTLS +ACL +XZ -LZ4 +SECCOMP +BLKID +ELFUTILS +KMOD -IDN)
[    8.597223] systemd[1]: Detected virtualization oracle.
[    8.599379] systemd[1]: Detected architecture x86-64.

Welcome to [1mUbuntu 16.04.6 LTS[0m!

[    8.615053] systemd[1]: Set hostname to <ubuntu>.
[    8.622176] systemd[1]: Initializing machine ID from random generator.
[    8.626717] systemd[1]: Installed transient /etc/machine-id file.
[    9.467396] systemd[1]: Reached target Swap.
[[0;32m  OK  [0m] Reached target Swap.
[    9.470593] systemd[1]: Listening on Syslog Socket.
[[0;32m  OK  [0m] Listening on Syslog Socket.
[    9.475953] systemd[1]: Listening on Journal Socket (/dev/log).
[[0;32m  OK  [0m] Listening on Journal Socket (/dev/log).
[    9.484713] systemd[1]: Listening on /dev/initctl Compatibility Named Pipe.
[[0;32m  OK  [0m] Listening on /dev/initctl Compatibility Named Pipe.
[    9.490779] systemd[1]: Reached target User and Group Name Lookups.
[[0;32m  OK  [0m] Reached target User and Group Name Lookups.
[    9.496072] systemd[1]: Listening on udev Control Socket.
[[0;32m  OK  [0m] Listening on udev Control Socket.
[    9.505296] systemd[1]: Started Trigger resolvconf update for networkd DNS.
[[0;32m  OK  [0m] Started Trigger resolvconf update for networkd DNS.
[    9.512742] systemd[1]: Listening on Journal Audit Socket.
[[0;32m  OK  [0m] Listening on Journal Audit Socket.
[    9.518925] systemd[1]: Created slice System Slice.
[[0;32m  OK  [0m] Created slice System Slice.
[    9.538127] systemd[1]: Created slice system-serial\x2dgetty.slice.
[[0;32m  OK  [0m] Created slice system-serial\x2dgetty.slice.
[    9.546445] systemd[1]: Listening on Device-mapper event daemon FIFOs.
[[0;32m  OK  [0m] Listening on Device-mapper event daemon FIFOs.
[    9.551400] systemd[1]: Listening on Journal Socket.
[[0;32m  OK  [0m] Listening on Journal Socket.
[    9.592303] systemd[1]: Mounting Huge Pages File System...
         Mounting Huge Pages File System...
[    9.617721] systemd[1]: Starting Set console keymap...
         Starting Set console keymap...
[    9.632481] systemd[1]: Starting Nameserver information manager...
         Starting Nameserver information manager...
[    9.645485] systemd[1]: Starting Create list of required static device nodes for the current kernel...
         Starting Create list of required st... nodes for the current kernel...
[    9.664696] systemd[1]: Starting Journal Service...
         Starting Journal Service...
[    9.679392] systemd[1]: Mounting POSIX Message Queue File System...
[    9.689944] random: nonblocking pool is initialized
         Mounting POSIX Message Queue File System...
[    9.695946] systemd[1]: Starting Remount Root and Kernel File Systems...
         Starting Remount Root and Kernel File Systems...
[    9.716849] systemd[1]: Created slice User and Session Slice.
[[0;32m  OK  [0m] Created slice User and Session Slice.
[    9.724968] systemd[1]: Reached target Slices.
[    9.724996] EXT4-fs (sda1): re-mounted. Opts: (null)
[[0;32m  OK  [0m] Reached target Slices.
[    9.744161] systemd[1]: Listening on LVM2 metadata daemon socket.
[[0;32m  OK  [0m] Listening on LVM2 metadata daemon socket.
[    9.774083] systemd[1]: Starting Uncomplicated firewall...
         Starting Uncomplicated firewall...
[    9.786212] systemd[1]: Mounting Debug File System...
         Mounting Debug File System...
[    9.813351] systemd[1]: Listening on udev Kernel Socket.
[[0;32m  OK  [0m] Listening on udev Kernel Socket.
[    9.817967] systemd[1]: Started Forward Password Requests to Wall Directory Watch.
[[0;32m  OK  [0m] Started Forward Password Requests to Wall Directory Watch.
[    9.826554] systemd[1]: Reached target Encrypted Volumes.
[[0;32m  OK  [0m] Reached target Encrypted Volumes.
[    9.848084] systemd[1]: Starting Monitoring of LVM2 mirrors, snapshots etc. using dmeventd or progress polling...
         Starting Monitoring of LVM2 mirrors... dmeventd or progress polling...
[    9.892086] systemd[1]: Starting Load Kernel Modules...
         Starting Load Kernel Modules...
[    9.898944] systemd[1]: Listening on LVM2 poll daemon socket.
[[0;32m  OK  [0m] Listening on LVM2 poll daemon socket.
[    9.920332] systemd[1]: Reached target System Time Synchronized.
[[0;32m  OK  [[    9.936052] Loading iSCSI transport class v2.0-870.
0m] Reached target System Time Synchronized.
[    9.958792] systemd[1]: Set up automount Arbitrary Executable File Formats File System Automount Point.
[[0;32m  OK  [0m] Set up automount Arbitrary Executab...ats File System Automount Point.
[    9.982477] iscsi: registered transport (tcp)
[    9.997049] systemd[1]: Mounted POSIX Message Queue File System.
[[0;32m  OK  [0m] Mounted POSIX Message Queue File System.
[   10.024326] systemd[1]: Mounted Huge Pages File System.
[[0;32m  OK  [0m] Mounted Huge Pages File System.
[   10.036288] systemd[1]: Mounted Debug File System.
[[0;32m  OK  [0m] Mounted Debug File System.
[   10.049070] systemd[1]: Started Journal Service.
[[0;32m  OK  [0m] Started Journal Service.
[[0;32m  OK  [0m] Started Set console keymap.
[[0;32m  OK  [0m] Started Create list of required sta...ce nodes for the current kernel.
[[0;32m  OK  [0m] Started Remount Root and Kernel File Systems.
[[0;32m  OK  [0m] Started Unco[   10.100144] iscsi: registered transport (iser)
mplicated firewall.
[[0;32m  OK  [0m] Started Nameserver information manager.
[[0;32m  OK  [0m] Started Load Kernel Modules.
[[0;32m  OK  [0m] Started LVM2 metadata daemon.
         Mounting FUSE Control File System...
         Starting Apply Kernel Variables...
         Starting Load/Save Random Seed...
         Starting udev Coldplug all Devices...
         Starting Create Static Device Nodes in /dev...
         Starting Flush Journal to Persistent Storage...
[[0;32m  OK  [0m] Mounted FUSE Control File System.
[[0;32m  OK  [0m] Started Load/Save Random Seed.
[[0;32m  OK  [0m] Started Apply Kernel Variables.
[[0;32m  OK  [0m] Started Flush Journal to Persistent Storage.
[[0;32m  OK  [0m] Started Monitoring of LVM2 mirrors,...ng dmeventd or progress polling.
[[0;32m  OK  [0m] Started Create Static Device Nodes in /dev.
         Starting udev Kernel Device Manager...
[[0;32m  OK  [0m] Reached target Local File Systems (Pre).
[[0;32m  OK  [0m] Reached target Local File Systems.
         Starting Commit a transient machine-id on disk...
         Starting LSB: AppArmor initialization...
         Starting Tell Plymouth To Write Out Runtime Data...
         Starting Set console font and keymap...
         Starting Initial cloud-init job (pre-networking)...
         Starting Create Volatile Files and Directories...
[[0;32m  OK  [0m] Started Commit a transient machine-id on disk.
[[0;32m  OK  [0m] Started Tell Plymouth To Write Out Runtime Data.
[[0;32m  OK  [0m] Started udev Coldplug all Devices.
[[0;32m  OK  [0m] Started Create Volatile Files and Directories.
         Starting Update UTMP about System Boot/Shutdown...
[[0;32m  OK  [0m] Started Update UTMP about System Boot/Shutdown.
[[0;32m  OK  [0m] Started udev Kernel Device Manager.
[[0;32m  OK  [0m] Started Dispatch Password Requests to Console Directory Watch.
[[0;32m  OK  [0m] Found device /dev/ttyS0.
[[0;32m  OK  [0m] Listening on Load/Save RF Kill Switch Status /dev/rfkill Watch.
[[0;32m  OK  [0m] Started Set console font and keymap.
[[0;32m  OK  [0m] Created slice system-getty.slice.
[[0;32m  OK  [0m] Started LSB: AppArmor initialization.
[   15.122960] cloud-init[488]: Cloud-init v. 19.4-33-gbb4131a2-0ubuntu1~16.04.1 running 'init-local' at Fri, 20 Mar 2020 14:34:23 +0000. Up 14.26 seconds.
[[0;32m  OK  [0m] Started Initial cloud-init job (pre-networking).
[[0;32m  OK  [0m] Reached target Network (Pre).
         Starting Raise network interfaces...
[[0;32m  OK  [0m] Started Raise network interfaces.
[[0;32m  OK  [0m] Reached target Network.
         Starting Initial cloud-init job (metadata service crawler)...
[   17.764694] cloud-init[977]: Cloud-init v. 19.4-33-gbb4131a2-0ubuntu1~16.04.1 running 'init' at Fri, 20 Mar 2020 14:34:25 +0000. Up 16.41 seconds.
[   17.769478] cloud-init[977]: ci-info: ++++++++++++++++++++++++++++++++++++++Net device info+++++++++++++++++++++++++++++++++++++++
[   17.773227] cloud-init[977]: ci-info: +--------+-------+----------------------------+---------------+--------+-------------------+
[   17.776727] cloud-init[977]: ci-info: | Device |   Up  |          Address           |      Mask     | Scope  |     Hw-Address    |
[   17.781348] cloud-init[977]: ci-info: +--------+-------+----------------------------+---------------+--------+-------------------+
[   17.786142] cloud-init[977]: ci-info: | enp0s3 |  True |         10.0.2.15          | 255.255.255.0 | global | 02:90:e9:96:cf:60 |
[   17.790237] cloud-init[977]: ci-info: | enp0s3 |  True | fe80::90:e9ff:fe96:cf60/64 |       .       |  link  | 02:90:e9:96:cf:60 |
[   17.796219] cloud-init[977]: ci-info: | enp0s8 | False |             .              |       .       |   .    | 08:00:27:64:ed:e8 |
[   17.802606] cloud-init[977]: ci-info: |   lo   |  True |         127.0.0.1          |   255.0.0.0   |  host  |         .         |
[   17.810398] cloud-init[977]: ci-info: |   lo   |  True |          ::1/128           |       .       |  host  |         .         |
[   17.822787] cloud-init[977]: ci-info: +--------+-------+----------------------------+---------------+--------+-------------------+
[   17.828752] cloud-init[977]: ci-info: +++++++++++++++++++++++++++Route IPv4 info++++++++++++++++++++++++++++
[   17.832912] cloud-init[977]: ci-info: +-------+-------------+----------+---------------+-----------+-------+
[   17.836659] cloud-init[977]: ci-info: | Route | Destination | Gateway  |    Genmask    | Interface | Flags |
[   17.842486] cloud-init[977]: ci-info: +-------+-------------+----------+---------------+-----------+-------+
[   17.851606] cloud-init[977]: ci-info: |   0   |   0.0.0.0   | 10.0.2.2 |    0.0.0.0    |   enp0s3  |   UG  |
[   17.862948] cloud-init[977]: ci-info: |   1   |   10.0.2.0  | 0.0.0.0  | 255.255.255.0 |   enp0s3  |   U   |
[   17.868510] cloud-init[977]: ci-info: +-------+-------------+----------+---------------+-----------+-------+
[   17.874419] cloud-init[977]: ci-info: +++++++++++++++++++Route IPv6 info+++++++++++++++++++
[   17.877858] cloud-init[977]: ci-info: +-------+-------------+---------+-----------+-------+
[   17.882122] cloud-init[977]: ci-info: | Route | Destination | Gateway | Interface | Flags |
[   17.886282] cloud-init[977]: ci-info: +-------+-------------+---------+-----------+-------+
[   17.888815] cloud-init[977]: ci-info: |   0   |  fe80::/64  |    ::   |   enp0s3  |   U   |
[   17.897997] cloud-init[977]: ci-info: |   3   |   ff00::/8  |    ::   |   enp0s3  |   U   |
[   17.904519] cloud-init[977]: ci-info: +-------+-------------+---------+-----------+-------+
[   17.908295] cloud-init[977]: Generating public/private rsa key pair.
[   17.912542] cloud-init[977]: Your identification has been saved in /etc/ssh/ssh_host_rsa_key.
[   17.915924] cloud-init[977]: Your public key has been saved in /etc/ssh/ssh_host_rsa_key.pub.
[   17.919368] cloud-init[977]: The key fingerprint is:
[   17.922728] cloud-init[977]: SHA256:oB1oqBh8xgJLv27vE7g00YrWgVKpwVhEATQvYuOKdF8 root@ubuntu-xenial
[   17.926729] cloud-init[977]: The key's randomart image is:
[[0;32m  OK  [0m] Started Initial cloud-init job (metadata service crawler).
[[0;32m  OK  [0m] Reached target Network is Online.
[   17.934330] cloud-init[977]: +---[RSA 2048]----+
[   17.944006] cloud-init[977]: |*O=o             |
[   17.952094] cloud-init[977]:          |*oB. .           |Starting iSCSI initiator daemon (iscsid)...

[[0;32m  OK  [0m] Reached target Cloud-config availability.
[   17.964549] cloud-init[977]: |+Xo*+ o          |
[   17.973445] cloud-init[977]: |B+*+.+ o         |
[   17.974719] cloud-init[977]: |+ooo* .ES        |
[   17.977593] cloud-init[977]: |+oo*...          |
[[0;32m  OK  [0m] Reached target System Initialization.
[   17.980340] cloud-init[977]: |+ .oo..          |
[   17.984227] cloud-init[977]: |  ....           |
[   17.987150] cloud-init[977]: |    .o.          |
[   17.989385] cloud-init[977]: +----[SHA256]-----+
[[   17.992528] cloud-init[977]: Generating public/private dsa key pair.
[   17.993172] cloud-init[977]: Your identification has been saved in /etc/ssh/ssh_host_dsa_key.
[   17.996217] cloud-init[977]: Your public key has been saved in /etc/ssh/ssh_host_dsa_key.pub.
[0;32m  OK  [0m] Started ACPI Events Check.
[[   18.002820] cloud-init[977]: The key fingerprint is:
[0;32m  OK  [0m] Reached target Paths.
[   18.006425] cloud-init[977]: SHA256:m7+UXE2Y69j6tf1rZJnd9CI2MaaySglAXBEuU7e5vT0 root@ubuntu-xenial
[   18.015032] cloud-init[977]: The key's randomart image is:
         Starting Socket activation for snappy daemon.
[   18.017917] cloud-init[977]: +---[DSA 1024]----+
[   18.021910] cloud-init[977]: | ...=o.          |
[   18.027491] cloud-init[977]: | ..o . o     o   |
[   18.027874] cloud-init[977]: |  + . o     o .  |
[   18.027964] cloud-init[977]: |   +   o    ++  .|
[   18.028044] cloud-init[977]: |    . . S  ooo..*|
[   18.028227] cloud-init[977]: |     . ..*.*+ .=+|
[   18.028305] cloud-init[977]: |      o +oE.oo+. |
[   18.028373] cloud-init[977]: |     .  .o o . + |
[   18.028442] cloud-init[977]: |      ..  +o. o.=|
[   18.028523] cloud-init[977]: +----[SHA256]-----+
[   18.028591] cloud-init[977]: Generating public/private ecdsa key pair.
[   18.028657] cloud-init[977]: Your identification has been saved in /etc/ssh/ssh_host_ecdsa_key.
[   18.028725] cloud-init[977]: Your public key has been saved in /etc/ssh/ssh_host_ecdsa_key.pub.
[   18.028792] cloud-init[977]: The key fingerprint is:
[   18.028857] cloud-init[977]: SHA256:ByC++VZvQljT14u4iSshUUJTaye+kwtZyIg7IGAilqs root@ubuntu-xenial
[   18.028933] cloud-init[977]: The key's randomart image is:
[   18.028999] cloud-init[977]: +---[ECDSA 256]---+
[   18.029066] cloud-init[977]: |   .+.o          |
[   18.029137] cloud-init[977]: |  ...o.o .   .   |
[   18.029216] cloud-init[977]: |++  .o+ = . . .  |
[   18.030060] cloud-init[977]: |*..o.* = o o . . |
[[0;32m  OK  [0m] Listening on D-Bus System Message Bus Socket.
[   18.032739] cloud-init[977]: |+.. =.+ S o . .  |
         Starting LXD - unix socket.[   18.061049] cloud-init[977]: |+.  .+.= + o     |
[   18.061661] cloud-init[977]: |E   o.*.o =      |
[   18.063408] cloud-init[977]: | .   o.o +       |
[   18.066403] cloud-init[977]: |      ...        |
[   18.069819] cloud-init[977]: +----[SHA256]-----+
[   18.071338] cloud-init[977]: Generating public/private ed25519 key pair.

[   18.074911] cloud-init[977]: Your identification has been saved in /etc/ssh/ssh_host_ed25519_key.
[   18.076695] cloud-init[977]: Your public key has been saved in /etc/ssh/ssh_host_ed25519_key.pub.
[   18.083143] cloud-init[977]: The key fingerprint is:
[[0;32m  OK  [0m] Started Message of the Day.
[   18.083542] cloud-init[977]: SHA256:yKq1LyzKtdNzkrR6QRILaJ/n5QEZUuaCKqyxMxcKyPM root@ubuntu-xenial
[   18.095161] cloud-init[977]: The key's randomart image is:
[   18.095412] cloud-init[977]: +--[ED25519 256]--+
[[0;32m  OK  [0m] Started Daily apt download activities.
[   18.095646] cloud-init[977]: |.  ..+o          |
[   18.109922] cloud-init[[977]: [0;32m  OK  [0m|.o..+o           |] 
Started Daily apt upgrade and clean activities.
[   18.112802] cloud-init[977]: |..o.+..          |
[   18.115224] cloud-init[977]: |=  =.+ +         |
[[0;32m  OK  [0m] Listening on UUID daemon activation socket.
[[   18.116320] cloud-init[977]: |*+. = = S        |
[   18.120179] cloud-init[977]: |++o. = .         |
[0;32m  OK  [0m] Started Daily Cleanup of Temporary Directories.
[   18.122332] cloud-init[977]: |* .E= +          |
[   18.134566] cloud-init[977]: |.+o++O .         |
[[0;32m  OK  [0m] Reached target Timers.
[   18.135707] cloud-init[977]: |.o.+=o=          |
[   18.150001] cloud-init[977]: +----[SHA256]-----+
[[0;32m  OK  [0m] Listening on ACPID Listen Socket.
[[0;32m  OK  [0m] Listening on Socket activation for snappy daemon.
[[0;32m  OK  [0m] Listening on LXD - unix socket.
[[0;32m  OK  [0m] Reached target Sockets.
[[0;32m  OK  [0m] Reached target Basic System.
         Starting LXD - container startup/shutdown...
[[0;32m  OK  [0m] Started ACPI event daemon.
[[0;32m  OK  [0m] Started D-Bus System Message Bus.
         Starting LSB: MD monitoring daemon...
[[0;32m  OK  [0m] Started Deferred execution scheduler.
         Starting System Logging Service...
[[0;32m  OK  [0m] Started Regular background program processing daemon.
[[0;32m  OK  [0m] Started FUSE filesystem for LXC.
         Starting Accounts Service...
         Starting LSB: Record successful boot for GRUB...
         Starting /etc/rc.local Compatibility...
         Starting Login Service...
         Starting Pollinate to seed the pseudo random number generator...
         Starting Virtualbox guest utils...
         Starting Snappy daemon...
[[0;32m  OK  [0m] Started iSCSI initiator daemon (iscsid).
[[0;32m  OK  [0m] Started /etc/rc.local Compatibility.
[[0;32m  OK  [0m] Started System Logging Service.
         Starting Login to default iSCSI targets...
[[0;32m  OK  [0m] Started Login Service.
[[0;32m  OK  [0m] Started Unattended Upgrades[[0;32m  OK  [0m] Stopped target Cloud-init target.
[[0;32m  OK  [0m] Stopped Execute cloud user/final scripts.
[[0;32m  OK  [0m] Stopped target Timers.
[[0;32m  OK  [0m] Stopped Daily Cleanup of Temporary Directories.
[[0;32m  OK  [0m] Stopped Message of the Day.
         Stopping Session 3 of user vagrant.
[[0;32m  OK  [0m] Stopped target Graphical Interface.
         Stopping User Manager for UID 1000...
[[0;32m  OK  [0m] Stopped target Multi-User System.
[[0;32m  OK  [0m] Stopped targe         Stopping Serial Getty on ttyS0...
         Stopping LSB: daemon to balance interrupts for SMP systems...
         Stopping LSB: Set the CPU Frequency Scaling governor to "ondemand"...
         Stopping LSB: MD monitoring daemon...
         Stopping Unattended Upgrades Shutdown...
         Stopping Virtualbox guest utils...
         Stopping LSB: automatic crash report generation...
         Stopping D-Bus System Message Bus...
         Stopping A high performance web server and a reverse proxy server...
[[0;32m  OK  [0m] Closed Load/Save RF Kill Switch Status /dev/rfkill Watch.
[[0;32m  OK  [0m] Stopped Daily apt upgrade and clean activities.
[[0;32m  OK  [0m] Stopped Daily apt download activities.
[[0;32m  OK  [0m] Stopped Apply the settings specified in cloud-config.
[[0;32m  OK  [0m] Stopped target Cloud-config availability.
         Stopping FUSE filesystem for LXC...
         Stopping Accounts Service...
         Stopping ACPI event daemon...
[[0;32m  OK  [0m] Stopped Wait until snapd is fully seeded.
         Stopping System Logging Service...
         Stopping Deferred execution scheduler...
[[0;32m  OK  [0m] Stopped target System Time Synchronized.
         Stopping LXD - container startup/shutdown...
         Stopping Regular background program processing daemon...
         Stopping Authenticate and Authorize Users to Run Privileged Tasks...
         Stopping OpenBSD Secure Shell server...
         Stopping LSB: Record successful boot for GRUB...
         Stopping Getty on tty1...
[[0;32m  OK  [0m] Unmounted /var/lib/lxcfs.
[[0;32m  OK  [0m] Stopped Deferred execution scheduler.
[[0;32m  OK  [0m] Stopped System Logging Service.
[[0;32m  OK  [0m] Stopped ACPI event daemon.
[[0;32m  OK  [0m] Stopped Regular background program processing daemon.
[[0;32m  OK  [0m] Stopped Accounts Service.
[[0;32m  OK  [0m] Stopped Authenticate and Authorize Users to Run Privileged Tasks.
[[0;32m  OK  [0m] Stopped Unattended Upgrades Shutdown.
[[0;32m  OK  [0m] Stopped OpenBSD Secure Shell server.
[[0;32m  OK  [0m] Stopped Getty on tty1.
[[0;32m  OK  [0m] Stopped Serial Getty on ttyS0.
[[0;32m  OK  [0m] Stopped User Manager for UID 1000.
[[0;32m  OK  [0m] Stopped Session 3 of user vagrant.
[[0;32m  OK  [0m] Stopped D-Bus System Message Bus.
[[0;32m  OK  [0m] Stopped FUSE filesystem for LXC.
[[0;32m  OK  [0m] Stopped A high performance web server and a reverse proxy server.
[[0;32m  OK  [0m] Stopped LSB: Set the CPU Frequency Scaling governor to "ondemand".
[[0;32m  OK  [0m] Stopped LSB: daemon to balance interrupts for SMP systems.
[[0;32m  OK  [0m] Stopped LXD - container startup/shutdown.
[[0;32m  OK  [0m] Removed slice User Slice of vagrant.
[[0;32m  OK  [0m] Removed slice system-serial\x2dgetty.slice.
         Stopping Permit User Sessions...
[[0;32m  OK  [0m] Removed slice system-getty.slice.
[[0;32m  OK  [0m] Stopped /etc/rc.local Compatibility.
         Stopping Login Service...
[[0;32m  OK  [0m] Stopped LSB: MD monitoring daemon.
[[0;32m  OK  [0m] Stopped Virtualbox guest utils.
[[0;32m  OK  [0m] Stopped LSB: automatic crash report generation.
[[0;32m  OK  [0m] Stopped LSB: Record successful boot for GRUB.
[[0;32m  OK  [0m] Stopped Permit User Sessions.
[[0;32m  OK  [0m] Stopped target Remote File Systems.
[[0;32m  OK  [0m] Stopped target Remote File Systems (Pre).
         Stopping Login to default iSCSI targets...
[[0;32m  OK  [0m] Stopped Login Service.
[[0;32m  OK  [0m] Stopped target User and Group Name Lookups.
[[0;32m  OK  [0m] Stopped target Basic System.
[[0;32m  OK  [0m] Stopped target Paths.
[[0;32m  OK  [0m] Stopped ACPI Events Check.
[[0;32m  OK  [0m] Stopped Forward Password Requests to Wall Directory Watch.
[[0;32m  OK  [0m] Stopped Dispatch Password Requests to Console Directory Watch.
[[0;32m  OK  [0m] Stopped target Sockets.
[[0;32m  OK  [0m] Closed UUID daemon activation socket.
[[0;32m  OK  [0m] Closed LXD - unix socket.
[[0;32m  OK  [0m] Closed ACPID Listen Socket.
[[0;32m  OK  [0m] Closed Syslog Socket.
[[0;32m  OK  [0m] Closed Socket activation for snappy daemon.
[[0;32m  OK  [0m] Stopped target Slices.
[[0;32m  OK  [0m] Removed slice User and Session Slice.
[[0;32m  OK  [0m] Closed D-Bus System Message Bus Socket.
[[0;32m  OK  [0m] Stopped target System Initialization.
         Stopping Load/Save Random Seed...
[[[0;32m  OK  [0m] Stopped target Graphical Interface.
         Stopping Authenticate and Authorize Users to Run Privileged Tasks...
[[0;32m  OK  [0m] Closed Load/Save RF Kill Switch Status /dev/rfkill Watch.
[[0;32m  OK  [0m] Stopped target Timers.
         Stopping Accounts Service...
[[0;32m  OK  [0m] Stopped Daily apt upgrade and clean activities.
[[0;32m  OK  [0m] Stopped Daily apt download activities.
[[0;32m  OK  [0m] Stopped Message of the Day.
         Stopping Session 5 of user vagrant.
[[0;32m  OK  [0m] Stopped Daily Cleanup of Temporary Directories.
         Stopping User Manager for UID 1000...
         Stopping ACPI event daemon...
[[0;32m  OK  [0m] Stopped target Cloud-init target.
[[0;32m  OK  [0m] Stopped Execute cloud user/final scripts.
[[0;32m  OK  [0m] Stopped Apply the settings specified in cloud-config.
[[0;32m  OK  [0m] Stopped target Cloud-config availability.
[[0;32m  OK  [0m] Stopped target Multi-User System.
         Stopping System Logging Service...
         Stopping Virtualbox guest utils...
         Stopping LSB: Record successful boot for GRUB...
         Stopping Regular background program processing daemon...
         Stopping LSB: MD monitoring daemon...
         Stopping Unattended Upgrades Shutdown...
         Stopping Defe
         Stopping FUSE filesystem for LXC...
         Stopping LSB: automatic crash report generation...
         Stopping High-performance, schema-free document-oriented database...
         Stopping LSB: daemon to balance interrupts for SMP systems...
         Stopping LXD - container startup/shutdown...
         Stopping D-Bus System Message Bus...
[[0;32m  OK  [0m] Stopped Wait until snapd is fully seeded.
         Stopping LSB: Set the CPU Frequency Scaling governor to "ondemand"...
         Stopping OpenBSD Secure Shell server...
[[0;32m  OK  [0m] Stopped target System Time Synchronized.
[[0;32m  OK  [0m] Unmounted /var/lib/lxcfs.
[[0;32m  OK  [0m] Stopped ACPI event daemon.
[[0;32m  OK  [0m] Stopped Deferred execution scheduler.
[[0;32m  OK  [0m] Stopped System Logging Service.
[[0;32m  OK  [0m] Stopped Regular background program processing daemon.
[[0;32m  OK  [0m] Stopped Accounts Service.
[[0;32m  OK  [0m] Stopped Unattended Upgrades Shutdown.
[[0;32m  OK  [0m] Stopped Serial Getty on ttyS0.
[[0;32m  OK  [0m] Stopped Getty on tty1.
[[0;32m  OK  [0m] Stopped Authenticate and Authorize Users to Run Privileged Tasks.
[[0;32m  OK  [0m] Stopped OpenBSD Secure Shell server.
[[0;32m  OK  [0m] Stopped High-performance, schema-free document-oriented database.
[[0;32m  OK  [0m] Stopped User Manager for UID 1000.
[[0;32m  OK  [0m] Stopped Session 5 of user vagrant.
[[0;32m  OK  [0m] Stopped D-Bus System Message Bus.
[[0;32m  OK  [0m] Stopped FUSE filesystem for LXC.
[[0;32m  OK  [0m] Stopped LXD - container startup/shutdown.
[[0;32m  OK  [0m] Stopped LSB: MD monitoring daemon.
[[0;32m  OK  [0m] Stopped Virtualbox guest utils.
[[0;32m  OK  [0m] Removed slice User Slice of vagrant.
[[0;32m  OK  [0m] Removed slice system-getty.slice.
[[0;32m  OK  [0m] Removed slice system-serial\x2dgetty.slice.
[[0;32m  OK  [0m] Stopped /etc/rc.local Compatibility.
         Stopping Permit User Sessions...
         Stopping Login Service...
[[0;32m  OK  [0m] Stopped LSB: Record successful boot for GRUB.
[[0;32m  OK  [0m] Stopped LSB: automatic crash report generation.
[[0;32m  OK  [0m] Stopped LSB: daemon to balance interrupts for SMP systems.
[[0;32m  OK  [0m] Stopped LSB: Set the CPU Frequency Scaling governor to "ondemand".
[[0;32m  OK  [0m] Stopped Permit User Sessions.
[[0;32m  OK  [0m] Stopped target Remote File Systems.
[[0;32m  OK  [0m] Stopped target Remote File Systems (Pre).
         Stopping Login to default iSCSI targets...
[[0;32m  OK  [0m] Stopped Login Service.
[[0;32m  OK  [0m] Stopped target User and Group Name Lookups.
[[0;32m  OK  [0m] Stopped target Basic System.
[[0;32m  OK  [0m] Stopped target Paths.
[[0;32m  OK  [0m] Stopped Dispatch Password Requests to Console Directory Watch.
[[0;32m  OK  [0m] Stopped Forward Password Requests to Wall Directory Watch.
[[0;32m  OK  [0m] Stopped ACPI Events Check.
[[0;32m  OK  [0m] Stopped target Sockets.
[[0;32m  OK  [0m] Closed Socket activation for snappy daemon.
[[0;32m  OK  [0m] Closed UUID daemon activation socket.
[[0;32m  OK  [0m] Closed ACPID Listen Socket.
[[0;32m  OK  [0m] Closed LXD - unix socket.
[[0;32m  OK  [0m] Closed Syslog Socket.
[[0;32m  OK  [0m] Stopped target Slices.
[[0;32m  OK  [0m] Removed slice User and Session Slice.
[[0;32m  OK  [0m] Closed D-Bus System Message Bus Socket.
[[0;32m  OK  [0m] Stopped target System Initialization.
[[0;32m  OK  [0m] Stopped target Encrypted Volumes.
         Stopping Update UTMP about System Boot/Shutdown...
         Stopping Load/Save Random Seed...
[[0;32m  OK  [0m] Stopped Commit a transient machine-id on disk.
[[0;32m  OK  [0m] Stopped target Swap.
[[0;32m  OK  [0m] Stopped Load/Save Random Seed.
[[0;32m  OK  [0m] Stopped Update UTMP about System Boot/Shutdown.
[[0;32m  OK  [0m] Stopped Create Volatile Files and Directories.
[[0;32m  OK  [0m] Stopped Login to default iSCSI targets.
         Stopping iSCSI initiator daemon (iscsid)...
[[0;32m  OK  [0m] Stopped iSCSI initiator daemon (iscsid).
[[0;32m  OK  [0m] Stopped target Network is Online.
[[0;32m  OK  [0m] Stopped Initial cloud-init job (metadata service crawler).
[[0;32m  OK  [0m] Stopped target Network.
         Stopping Raise network interfaces...
[[0;32m  OK  [0m] Stopped Raise network interfaces.
[[0;32m  OK  [0m] Stopped target Network (Pre).
[[0;32m  OK  [0m] Stopped Initial cloud-init job (pre-networking).
[[0;32m  OK  [0m] Stopped Apply Kernel Variables.
[[0;32m  OK  [0m] Stopped Load Kernel Modules.
[[0;32m  OK  [0m] Stopped target Local File Systems.
         Unmounting /run/user/1000...
         Unmounting /vagrant...
[[0;32m  OK  [0m] Unmounted /run/user/1000.
[[0;32m  OK  [0m] Unmounted /vagrant.
[[0;32m  OK  [0m] Reached target Unmount All Filesystems.
[[0;32m  OK  [0m] Stopped target Local File Systems (Pre).
[[0;32m  OK  [0m] Stopped Remount Root and Kernel File Systems.
         Stopping Monitoring of LVM2 mirrors... dmeventd or progress polling...
[[0;32m  OK  [0m] Stopped Create Static Device Nodes in /dev.
[[0;32m  OK  [0m] Reached target Shutdown.
[ 1214.191094] reboot: Power down
